
> @app/web@0.0.0 lint /Users/elhamrouzban/project/german-app-se/apps/web
> eslint .


/Users/elhamrouzban/project/german-app-se/apps/web/src/lib/components/lesson/steps/GrammarTipStep.svelte
  60:24  error  svelte-ignore comment is used, but not warned  svelte/no-unused-svelte-ignore
  61:41  error  `{@html}` can lead to XSS attack               svelte/no-at-html-tags

/Users/elhamrouzban/project/german-app-se/apps/web/src/lib/components/lesson/steps/WordOrderStep.svelte
  11:20  error  Type parameters missing for the `createEventDispatcher` function call  svelte/require-event-dispatcher-types
  65:7   error  Each block should have a key                                           svelte/require-each-key
  78:5   error  Each block should have a key                                           svelte/require-each-key

/Users/elhamrouzban/project/german-app-se/apps/web/src/lib/components/lesson/steps/WordQuizStep.svelte
  14:20  error  Type parameters missing for the `createEventDispatcher` function call  svelte/require-event-dispatcher-types

/Users/elhamrouzban/project/german-app-se/apps/web/src/lib/components/shared/VocabPillList.svelte
  72:7  error  Each block should have a key  svelte/require-each-key

/Users/elhamrouzban/project/german-app-se/apps/web/src/lib/services/progressService.ts
  163:7  error  'user' is never reassigned. Use 'const' instead  prefer-const
  187:7  error  'user' is never reassigned. Use 'const' instead  prefer-const
  236:7  error  'user' is never reassigned. Use 'const' instead  prefer-const

/Users/elhamrouzban/project/german-app-se/apps/web/src/lib/services/syncEngine.ts
  3:15  error  'User' is defined but never used            @typescript-eslint/no-unused-vars
  3:21  error  'LessonProgress' is defined but never used  @typescript-eslint/no-unused-vars
  3:37  error  'VocabItem' is defined but never used       @typescript-eslint/no-unused-vars
  3:48  error  'WrongAnswer' is defined but never used     @typescript-eslint/no-unused-vars

/Users/elhamrouzban/project/german-app-se/apps/web/src/lib/utils/audio.ts
  111:7  error  'germanOnly' is never reassigned. Use 'const' instead  prefer-const

/Users/elhamrouzban/project/german-app-se/apps/web/src/routes/+page.svelte
   31:19  error  This statement is not reactive because all variables referenced in the reactive statement are immutable  svelte/no-immutable-reactive-statements
  135:9   error  Each block should have a key                                                                             svelte/require-each-key
  137:38  error  `{@html}` can lead to XSS attack                                                                         svelte/no-at-html-tags
  140:15  error  Each block should have a key                                                                             svelte/require-each-key
  152:23  error  `{@html}` can lead to XSS attack                                                                         svelte/no-at-html-tags
  189:9   error  Each block should have a key                                                                             svelte/require-each-key
  191:38  error  `{@html}` can lead to XSS attack                                                                         svelte/no-at-html-tags
  194:15  error  Each block should have a key                                                                             svelte/require-each-key
  208:23  error  `{@html}` can lead to XSS attack                                                                         svelte/no-at-html-tags

/Users/elhamrouzban/project/german-app-se/apps/web/src/routes/learn/[pair]/[level]/[lessonId]/+page.server.ts
   2:29  error  'Lesson' is defined but never used        @typescript-eslint/no-unused-vars
  72:15  error  Unexpected any. Specify a different type  @typescript-eslint/no-explicit-any

/Users/elhamrouzban/project/german-app-se/apps/web/src/routes/learn/[pair]/[level]/[lessonId]/+page.svelte
   67:5   error  Possibly it may occur an infinite reactive loop because this function may update `showReviewScreen`  svelte/infinite-reactive-loop
   67:5   error  Possibly it may occur an infinite reactive loop because this function may update `completionStats`   svelte/infinite-reactive-loop
  113:7   error  Possibly it may occur an infinite reactive loop                                                      svelte/infinite-reactive-loop
  116:13  error  Possibly it may occur an infinite reactive loop because this function may update `completionStats`   svelte/infinite-reactive-loop
  132:5   error  Possibly it may occur an infinite reactive loop                                                      svelte/infinite-reactive-loop

/Users/elhamrouzban/project/german-app-se/apps/web/src/routes/progress/+page.svelte
  160:7  error  Each block should have a key  svelte/require-each-key

✖ 32 problems (32 errors, 0 warnings)
  4 errors and 0 warnings potentially fixable with the `--fix` option.

 ELIFECYCLE  Command failed with exit code 1.
